  Game.cpp
C:\Users\asus\Desktop\sfml\SFMLGame\SFMLGame\Game.cpp(81,11): warning C4244: 'initializing': conversion from 'T' to 'float', possible loss of data
C:\Users\asus\Desktop\sfml\SFMLGame\SFMLGame\Game.cpp(81,11): warning C4244:         with
C:\Users\asus\Desktop\sfml\SFMLGame\SFMLGame\Game.cpp(81,11): warning C4244:         [
C:\Users\asus\Desktop\sfml\SFMLGame\SFMLGame\Game.cpp(81,11): warning C4244:             T=unsigned int
C:\Users\asus\Desktop\sfml\SFMLGame\SFMLGame\Game.cpp(81,11): warning C4244:         ]
C:\Users\asus\Desktop\sfml\SFMLGame\SFMLGame\Game.cpp(82,11): warning C4244: 'initializing': conversion from 'T' to 'float', possible loss of data
C:\Users\asus\Desktop\sfml\SFMLGame\SFMLGame\Game.cpp(82,11): warning C4244:         with
C:\Users\asus\Desktop\sfml\SFMLGame\SFMLGame\Game.cpp(82,11): warning C4244:         [
C:\Users\asus\Desktop\sfml\SFMLGame\SFMLGame\Game.cpp(82,11): warning C4244:             T=unsigned int
C:\Users\asus\Desktop\sfml\SFMLGame\SFMLGame\Game.cpp(82,11): warning C4244:         ]
C:\Users\asus\Desktop\sfml\SFMLGame\SFMLGame\Game.cpp(83,12): warning C4244: 'initializing': conversion from 'int' to 'float', possible loss of data
C:\Users\asus\Desktop\sfml\SFMLGame\SFMLGame\Game.cpp(84,12): warning C4244: 'initializing': conversion from 'int' to 'float', possible loss of data
C:\Users\asus\Desktop\sfml\SFMLGame\SFMLGame\Game.cpp(284,70): warning C4244: 'argument': conversion from 'int' to 'float', possible loss of data
C:\Users\asus\Desktop\sfml\SFMLGame\SFMLGame\Game.cpp(284,49): warning C4244: 'argument': conversion from 'int' to 'float', possible loss of data
C:\Program Files\Microsoft Visual Studio\2022\Community\VC\Tools\MSVC\14.38.33130\include\xutility(255,82): warning C4244: 'argument': conversion from '_Ty' to 'float', possible loss of data
C:\Program Files\Microsoft Visual Studio\2022\Community\VC\Tools\MSVC\14.38.33130\include\xutility(255,82): warning C4244:         with
C:\Program Files\Microsoft Visual Studio\2022\Community\VC\Tools\MSVC\14.38.33130\include\xutility(255,82): warning C4244:         [
C:\Program Files\Microsoft Visual Studio\2022\Community\VC\Tools\MSVC\14.38.33130\include\xutility(255,82): warning C4244:             _Ty=int
C:\Program Files\Microsoft Visual Studio\2022\Community\VC\Tools\MSVC\14.38.33130\include\xutility(255,82): warning C4244:         ]
  (compiling source file 'Game.cpp')
  C:\Program Files\Microsoft Visual Studio\2022\Community\VC\Tools\MSVC\14.38.33130\include\xutility(255,82):
  the template instantiation context (the oldest one first) is
  	C:\Users\asus\Desktop\sfml\SFMLGame\SFMLGame\Game.cpp(112,28):
  	see reference to function template instantiation 'std::shared_ptr<CTransform> std::make_shared<CTransform,Vec2&,Vec2&,int>(Vec2 &,Vec2 &,int &&)' being compiled
  	C:\Program Files\Microsoft Visual Studio\2022\Community\VC\Tools\MSVC\14.38.33130\include\memory(2769,46):
  	see reference to function template instantiation 'std::_Ref_count_obj2<CTransform>::_Ref_count_obj2<Vec2&,Vec2&,_Ty>(Vec2 &,Vec2 &,_Ty &&)' being compiled
          with
          [
              _Ty=int
          ]
  	C:\Program Files\Microsoft Visual Studio\2022\Community\VC\Tools\MSVC\14.38.33130\include\memory(2094,18):
  	see reference to function template instantiation 'void std::_Construct_in_place<_Ty,Vec2&,Vec2&,int>(_Ty &,Vec2 &,Vec2 &,int &&) noexcept(false)' being compiled
          with
          [
              _Ty=CTransform
          ]
  
  SFMLGame.vcxproj -> C:\Users\asus\Desktop\sfml\SFMLGame\x64\Debug\SFMLGame.exe
